0 info it worked if it ends with ok
1 verbose cli [ '/usr/local/bin/node',
1 verbose cli   '/usr/local/bin/npm',
1 verbose cli   'install',
1 verbose cli   'spotify' ]
2 info using npm@3.7.3
3 info using node@v5.9.1
4 verbose config Skipping project config: /Users/ericho/.npmrc. (matches userconfig)
5 silly loadCurrentTree Starting
6 silly install loadCurrentTree
7 silly install readLocalPackageData
8 silly fetchPackageMetaData spotify
9 silly fetchNamedPackageData spotify
10 silly mapToRegistry name spotify
11 silly mapToRegistry using default registry
12 silly mapToRegistry registry https://registry.npmjs.org/
13 silly mapToRegistry uri https://registry.npmjs.org/spotify
14 verbose request uri https://registry.npmjs.org/spotify
15 verbose request no auth needed
16 info attempt registry request try #1 at 2:55:38 PM
17 verbose request id 89d6e89226ed08ae
18 verbose etag "2XDR93B4YSNSD26CKC79PRLN6"
19 http request GET https://registry.npmjs.org/spotify
20 http 304 https://registry.npmjs.org/spotify
21 verbose headers { date: 'Tue, 05 Apr 2016 18:55:38 GMT',
21 verbose headers   via: '1.1 varnish',
21 verbose headers   'cache-control': 'max-age=300',
21 verbose headers   etag: '"2XDR93B4YSNSD26CKC79PRLN6"',
21 verbose headers   age: '0',
21 verbose headers   connection: 'keep-alive',
21 verbose headers   'x-served-by': 'cache-atl6233-ATL',
21 verbose headers   'x-cache': 'MISS',
21 verbose headers   'x-cache-hits': '0',
21 verbose headers   'x-timer': 'S1459882538.311122,VS0,VE40',
21 verbose headers   vary: 'Accept-Encoding' }
22 silly get cb [ 304,
22 silly get   { date: 'Tue, 05 Apr 2016 18:55:38 GMT',
22 silly get     via: '1.1 varnish',
22 silly get     'cache-control': 'max-age=300',
22 silly get     etag: '"2XDR93B4YSNSD26CKC79PRLN6"',
22 silly get     age: '0',
22 silly get     connection: 'keep-alive',
22 silly get     'x-served-by': 'cache-atl6233-ATL',
22 silly get     'x-cache': 'MISS',
22 silly get     'x-cache-hits': '0',
22 silly get     'x-timer': 'S1459882538.311122,VS0,VE40',
22 silly get     vary: 'Accept-Encoding' } ]
23 verbose etag https://registry.npmjs.org/spotify from cache
24 verbose get saving spotify to /Users/ericho/.npm/registry.npmjs.org/spotify/.cache.json
25 verbose correctMkdir /Users/ericho/.npm correctMkdir not in flight; initializing
26 silly install normalizeTree
27 silly loadCurrentTree Finishing
28 silly loadIdealTree Starting
29 silly install loadIdealTree
30 silly cloneCurrentTree Starting
31 silly install cloneCurrentTreeToIdealTree
32 silly cloneCurrentTree Finishing
33 silly loadShrinkwrap Starting
34 silly install loadShrinkwrap
35 silly loadShrinkwrap Finishing
36 silly loadAllDepsIntoIdealTree Starting
37 silly install loadAllDepsIntoIdealTree
38 silly resolveWithNewModule spotify@0.3.0 checking installable status
39 silly cache add args [ 'spotify', null ]
40 verbose cache add spec spotify
41 silly cache add parsed spec Result {
41 silly cache add   raw: 'spotify',
41 silly cache add   scope: null,
41 silly cache add   name: 'spotify',
41 silly cache add   rawSpec: '',
41 silly cache add   spec: 'latest',
41 silly cache add   type: 'tag' }
42 silly addNamed spotify@latest
43 verbose addNamed "latest" is being treated as a dist-tag for spotify
44 info addNameTag [ 'spotify', 'latest' ]
45 silly mapToRegistry name spotify
46 silly mapToRegistry using default registry
47 silly mapToRegistry registry https://registry.npmjs.org/
48 silly mapToRegistry uri https://registry.npmjs.org/spotify
49 verbose addNameTag registry:https://registry.npmjs.org/spotify not in flight; fetching
50 verbose get https://registry.npmjs.org/spotify not expired, no request
51 silly addNameTag next cb for spotify with tag latest
52 silly addNamed spotify@0.3.0
53 verbose addNamed "0.3.0" is a plain semver version for spotify
54 silly cache afterAdd spotify@0.3.0
55 verbose afterAdd /Users/ericho/.npm/spotify/0.3.0/package/package.json not in flight; writing
56 verbose correctMkdir /Users/ericho/.npm correctMkdir not in flight; initializing
57 verbose afterAdd /Users/ericho/.npm/spotify/0.3.0/package/package.json written
58 silly loadAllDepsIntoIdealTree Finishing
59 silly idealTree:prePrune ericho
59 silly idealTree:prePrune ├── accepts@1.2.13
59 silly idealTree:prePrune ├── angular@1.5.3
59 silly idealTree:prePrune ├── ansi-regex@2.0.0
59 silly idealTree:prePrune ├── ansi-styles@2.2.1
59 silly idealTree:prePrune ├── array-flatten@1.1.1
59 silly idealTree:prePrune ├── asn1@0.2.3
59 silly idealTree:prePrune ├── assert-plus@0.2.0
59 silly idealTree:prePrune ├── async@1.5.2
59 silly idealTree:prePrune ├── aws-sign2@0.6.0
59 silly idealTree:prePrune ├── aws4@1.3.2
59 silly idealTree:prePrune ├── balanced-match@0.3.0
59 silly idealTree:prePrune ├── bl@1.0.3
59 silly idealTree:prePrune ├── boom@2.10.1
59 silly idealTree:prePrune ├── brace-expansion@1.1.3
59 silly idealTree:prePrune ├── caseless@0.11.0
59 silly idealTree:prePrune ├── chalk@1.1.3
59 silly idealTree:prePrune ├── colors@1.1.2
59 silly idealTree:prePrune ├── combined-stream@1.0.5
59 silly idealTree:prePrune ├── commander@2.9.0
59 silly idealTree:prePrune ├── concat-map@0.0.1
59 silly idealTree:prePrune ├── content-disposition@0.5.1
59 silly idealTree:prePrune ├── content-type@1.0.1
59 silly idealTree:prePrune ├── cookie-signature@1.0.6
59 silly idealTree:prePrune ├── cookie@0.1.5
59 silly idealTree:prePrune ├── core-util-is@1.0.2
59 silly idealTree:prePrune ├── cryptiles@2.0.5
59 silly idealTree:prePrune ├── cycle@1.0.3
59 silly idealTree:prePrune ├─┬ dashdash@1.13.0
59 silly idealTree:prePrune │ └── assert-plus@1.0.0
59 silly idealTree:prePrune ├── debug@2.2.0
59 silly idealTree:prePrune ├── deep-equal@0.2.2
59 silly idealTree:prePrune ├── deep-extend@0.3.3
59 silly idealTree:prePrune ├── delayed-stream@1.0.0
59 silly idealTree:prePrune ├── depd@1.1.0
59 silly idealTree:prePrune ├── destroy@1.0.4
59 silly idealTree:prePrune ├── ecc-jsbn@0.1.1
59 silly idealTree:prePrune ├── ee-first@1.1.1
59 silly idealTree:prePrune ├── escape-html@1.0.3
59 silly idealTree:prePrune ├── escape-string-regexp@1.0.5
59 silly idealTree:prePrune ├── etag@1.7.0
59 silly idealTree:prePrune ├─┬ express@4.13.4
59 silly idealTree:prePrune │ └── qs@4.0.0
59 silly idealTree:prePrune ├── extend@3.0.0
59 silly idealTree:prePrune ├── extsprintf@1.0.2
59 silly idealTree:prePrune ├── eyes@0.1.8
59 silly idealTree:prePrune ├── finalhandler@0.4.1
59 silly idealTree:prePrune ├── forever-agent@0.6.1
59 silly idealTree:prePrune ├── form-data@1.0.0-rc4
59 silly idealTree:prePrune ├── forwarded@0.1.0
59 silly idealTree:prePrune ├── fresh@0.3.0
59 silly idealTree:prePrune ├── generate-function@2.0.0
59 silly idealTree:prePrune ├── generate-object-property@1.2.0
59 silly idealTree:prePrune ├── glob@7.0.3
59 silly idealTree:prePrune ├── graceful-readlink@1.0.1
59 silly idealTree:prePrune ├── har-validator@2.0.6
59 silly idealTree:prePrune ├── has-ansi@2.0.0
59 silly idealTree:prePrune ├── hawk@3.1.3
59 silly idealTree:prePrune ├── hoek@2.16.3
59 silly idealTree:prePrune ├── http-errors@1.3.1
59 silly idealTree:prePrune ├── http-signature@1.1.1
59 silly idealTree:prePrune ├── i@0.3.4
59 silly idealTree:prePrune ├── inflight@1.0.4
59 silly idealTree:prePrune ├── inherits@2.0.1
59 silly idealTree:prePrune ├── ipaddr.js@1.0.5
59 silly idealTree:prePrune ├── is-my-json-valid@2.13.1
59 silly idealTree:prePrune ├── is-property@1.0.2
59 silly idealTree:prePrune ├── is-typedarray@1.0.0
59 silly idealTree:prePrune ├── isarray@1.0.0
59 silly idealTree:prePrune ├── isstream@0.1.2
59 silly idealTree:prePrune ├── jodid25519@1.0.2
59 silly idealTree:prePrune ├── jsbn@0.1.0
59 silly idealTree:prePrune ├── json-schema@0.2.2
59 silly idealTree:prePrune ├── json-stringify-safe@5.0.1
59 silly idealTree:prePrune ├── jsonpointer@2.0.0
59 silly idealTree:prePrune ├── jsprim@1.2.2
59 silly idealTree:prePrune ├── lru-cache@4.0.1
59 silly idealTree:prePrune ├── media-typer@0.3.0
59 silly idealTree:prePrune ├── merge-descriptors@1.0.1
59 silly idealTree:prePrune ├── methods@1.1.2
59 silly idealTree:prePrune ├── mime-db@1.22.0
59 silly idealTree:prePrune ├── mime-types@2.1.10
59 silly idealTree:prePrune ├── mime@1.3.4
59 silly idealTree:prePrune ├── minimatch@3.0.0
59 silly idealTree:prePrune ├── minimist@0.0.8
59 silly idealTree:prePrune ├── mkdirp@0.5.1
59 silly idealTree:prePrune ├── ms@0.7.1
59 silly idealTree:prePrune ├── mute-stream@0.0.6
59 silly idealTree:prePrune ├── ncp@1.0.1
59 silly idealTree:prePrune ├── negotiator@0.5.3
59 silly idealTree:prePrune ├── node-uuid@1.4.7
59 silly idealTree:prePrune ├── oauth-sign@0.8.1
59 silly idealTree:prePrune ├── on-finished@2.3.0
59 silly idealTree:prePrune ├── once@1.3.3
59 silly idealTree:prePrune ├── parseurl@1.3.1
59 silly idealTree:prePrune ├── path-is-absolute@1.0.0
59 silly idealTree:prePrune ├── path-to-regexp@0.1.7
59 silly idealTree:prePrune ├── pinkie-promise@2.0.0
59 silly idealTree:prePrune ├── pinkie@2.0.4
59 silly idealTree:prePrune ├── pkginfo@0.4.0
59 silly idealTree:prePrune ├── process-nextick-args@1.0.6
59 silly idealTree:prePrune ├── prompt@1.0.0
59 silly idealTree:prePrune ├── proxy-addr@1.0.10
59 silly idealTree:prePrune ├── pseudomap@1.0.2
59 silly idealTree:prePrune ├── qs@6.0.2
59 silly idealTree:prePrune ├── range-parser@1.0.3
59 silly idealTree:prePrune ├── read@1.0.7
59 silly idealTree:prePrune ├── readable-stream@2.0.6
59 silly idealTree:prePrune ├── request@2.69.0
59 silly idealTree:prePrune ├── revalidator@0.1.8
59 silly idealTree:prePrune ├── rimraf@2.5.2
59 silly idealTree:prePrune ├── send@0.13.1
59 silly idealTree:prePrune ├── serve-static@1.10.2
59 silly idealTree:prePrune ├── sntp@1.0.9
59 silly idealTree:prePrune ├── spotify@0.3.0
59 silly idealTree:prePrune ├── sshpk@1.7.4
59 silly idealTree:prePrune ├── stack-trace@0.0.9
59 silly idealTree:prePrune ├── statuses@1.2.1
59 silly idealTree:prePrune ├── string_decoder@0.10.31
59 silly idealTree:prePrune ├── stringstream@0.0.5
59 silly idealTree:prePrune ├── strip-ansi@3.0.1
59 silly idealTree:prePrune ├── supports-color@2.0.0
59 silly idealTree:prePrune ├── tough-cookie@2.2.2
59 silly idealTree:prePrune ├── tunnel-agent@0.4.2
59 silly idealTree:prePrune ├── tweetnacl@0.14.3
59 silly idealTree:prePrune ├── twitter@1.2.5
59 silly idealTree:prePrune ├── type-is@1.6.12
59 silly idealTree:prePrune ├── unpipe@1.0.0
59 silly idealTree:prePrune ├── util-deprecate@1.0.2
59 silly idealTree:prePrune ├─┬ utile@0.3.0
59 silly idealTree:prePrune │ └── async@0.9.2
59 silly idealTree:prePrune ├── utils-merge@1.0.0
59 silly idealTree:prePrune ├── vary@1.0.1
59 silly idealTree:prePrune ├── verror@1.3.6
59 silly idealTree:prePrune ├─┬ winston@2.1.1
59 silly idealTree:prePrune │ ├── async@1.0.0
59 silly idealTree:prePrune │ ├── colors@1.0.3
59 silly idealTree:prePrune │ └── pkginfo@0.3.1
59 silly idealTree:prePrune ├── wrappy@1.0.1
59 silly idealTree:prePrune ├── xtend@4.0.1
59 silly idealTree:prePrune └── yallist@2.0.0
60 silly loadIdealTree Finishing
61 silly currentTree ericho
61 silly currentTree ├── accepts@1.2.13
61 silly currentTree ├── angular@1.5.3
61 silly currentTree ├── ansi-regex@2.0.0
61 silly currentTree ├── ansi-styles@2.2.1
61 silly currentTree ├── array-flatten@1.1.1
61 silly currentTree ├── asn1@0.2.3
61 silly currentTree ├── assert-plus@0.2.0
61 silly currentTree ├── async@1.5.2
61 silly currentTree ├── aws-sign2@0.6.0
61 silly currentTree ├── aws4@1.3.2
61 silly currentTree ├── balanced-match@0.3.0
61 silly currentTree ├── bl@1.0.3
61 silly currentTree ├── boom@2.10.1
61 silly currentTree ├── brace-expansion@1.1.3
61 silly currentTree ├── caseless@0.11.0
61 silly currentTree ├── chalk@1.1.3
61 silly currentTree ├── colors@1.1.2
61 silly currentTree ├── combined-stream@1.0.5
61 silly currentTree ├── commander@2.9.0
61 silly currentTree ├── concat-map@0.0.1
61 silly currentTree ├── content-disposition@0.5.1
61 silly currentTree ├── content-type@1.0.1
61 silly currentTree ├── cookie-signature@1.0.6
61 silly currentTree ├── cookie@0.1.5
61 silly currentTree ├── core-util-is@1.0.2
61 silly currentTree ├── cryptiles@2.0.5
61 silly currentTree ├── cycle@1.0.3
61 silly currentTree ├─┬ dashdash@1.13.0
61 silly currentTree │ └── assert-plus@1.0.0
61 silly currentTree ├── debug@2.2.0
61 silly currentTree ├── deep-equal@0.2.2
61 silly currentTree ├── deep-extend@0.3.3
61 silly currentTree ├── delayed-stream@1.0.0
61 silly currentTree ├── depd@1.1.0
61 silly currentTree ├── destroy@1.0.4
61 silly currentTree ├── ecc-jsbn@0.1.1
61 silly currentTree ├── ee-first@1.1.1
61 silly currentTree ├── escape-html@1.0.3
61 silly currentTree ├── escape-string-regexp@1.0.5
61 silly currentTree ├── etag@1.7.0
61 silly currentTree ├─┬ express@4.13.4
61 silly currentTree │ └── qs@4.0.0
61 silly currentTree ├── extend@3.0.0
61 silly currentTree ├── extsprintf@1.0.2
61 silly currentTree ├── eyes@0.1.8
61 silly currentTree ├── finalhandler@0.4.1
61 silly currentTree ├── forever-agent@0.6.1
61 silly currentTree ├── form-data@1.0.0-rc4
61 silly currentTree ├── forwarded@0.1.0
61 silly currentTree ├── fresh@0.3.0
61 silly currentTree ├── generate-function@2.0.0
61 silly currentTree ├── generate-object-property@1.2.0
61 silly currentTree ├── glob@7.0.3
61 silly currentTree ├── graceful-readlink@1.0.1
61 silly currentTree ├── har-validator@2.0.6
61 silly currentTree ├── has-ansi@2.0.0
61 silly currentTree ├── hawk@3.1.3
61 silly currentTree ├── hoek@2.16.3
61 silly currentTree ├── http-errors@1.3.1
61 silly currentTree ├── http-signature@1.1.1
61 silly currentTree ├── i@0.3.4
61 silly currentTree ├── inflight@1.0.4
61 silly currentTree ├── inherits@2.0.1
61 silly currentTree ├── ipaddr.js@1.0.5
61 silly currentTree ├── is-my-json-valid@2.13.1
61 silly currentTree ├── is-property@1.0.2
61 silly currentTree ├── is-typedarray@1.0.0
61 silly currentTree ├── isarray@1.0.0
61 silly currentTree ├── isstream@0.1.2
61 silly currentTree ├── jodid25519@1.0.2
61 silly currentTree ├── jsbn@0.1.0
61 silly currentTree ├── json-schema@0.2.2
61 silly currentTree ├── json-stringify-safe@5.0.1
61 silly currentTree ├── jsonpointer@2.0.0
61 silly currentTree ├── jsprim@1.2.2
61 silly currentTree ├── lru-cache@4.0.1
61 silly currentTree ├── media-typer@0.3.0
61 silly currentTree ├── merge-descriptors@1.0.1
61 silly currentTree ├── methods@1.1.2
61 silly currentTree ├── mime-db@1.22.0
61 silly currentTree ├── mime-types@2.1.10
61 silly currentTree ├── mime@1.3.4
61 silly currentTree ├── minimatch@3.0.0
61 silly currentTree ├── minimist@0.0.8
61 silly currentTree ├── mkdirp@0.5.1
61 silly currentTree ├── ms@0.7.1
61 silly currentTree ├── mute-stream@0.0.6
61 silly currentTree ├── ncp@1.0.1
61 silly currentTree ├── negotiator@0.5.3
61 silly currentTree ├── node-uuid@1.4.7
61 silly currentTree ├── oauth-sign@0.8.1
61 silly currentTree ├── on-finished@2.3.0
61 silly currentTree ├── once@1.3.3
61 silly currentTree ├── parseurl@1.3.1
61 silly currentTree ├── path-is-absolute@1.0.0
61 silly currentTree ├── path-to-regexp@0.1.7
61 silly currentTree ├── pinkie-promise@2.0.0
61 silly currentTree ├── pinkie@2.0.4
61 silly currentTree ├── pkginfo@0.4.0
61 silly currentTree ├── process-nextick-args@1.0.6
61 silly currentTree ├── prompt@1.0.0
61 silly currentTree ├── proxy-addr@1.0.10
61 silly currentTree ├── pseudomap@1.0.2
61 silly currentTree ├── qs@6.0.2
61 silly currentTree ├── range-parser@1.0.3
61 silly currentTree ├── read@1.0.7
61 silly currentTree ├── readable-stream@2.0.6
61 silly currentTree ├── request@2.69.0
61 silly currentTree ├── revalidator@0.1.8
61 silly currentTree ├── rimraf@2.5.2
61 silly currentTree ├── send@0.13.1
61 silly currentTree ├── serve-static@1.10.2
61 silly currentTree ├── sntp@1.0.9
61 silly currentTree ├── spotify@0.3.0
61 silly currentTree ├── sshpk@1.7.4
61 silly currentTree ├── stack-trace@0.0.9
61 silly currentTree ├── statuses@1.2.1
61 silly currentTree ├── string_decoder@0.10.31
61 silly currentTree ├── stringstream@0.0.5
61 silly currentTree ├── strip-ansi@3.0.1
61 silly currentTree ├── supports-color@2.0.0
61 silly currentTree ├── tough-cookie@2.2.2
61 silly currentTree ├── tunnel-agent@0.4.2
61 silly currentTree ├── tweetnacl@0.14.3
61 silly currentTree ├── twitter@1.2.5
61 silly currentTree ├── type-is@1.6.12
61 silly currentTree ├── unpipe@1.0.0
61 silly currentTree ├── util-deprecate@1.0.2
61 silly currentTree ├─┬ utile@0.3.0
61 silly currentTree │ └── async@0.9.2
61 silly currentTree ├── utils-merge@1.0.0
61 silly currentTree ├── vary@1.0.1
61 silly currentTree ├── verror@1.3.6
61 silly currentTree ├─┬ winston@2.1.1
61 silly currentTree │ ├── async@1.0.0
61 silly currentTree │ ├── colors@1.0.3
61 silly currentTree │ └── pkginfo@0.3.1
61 silly currentTree ├── wrappy@1.0.1
61 silly currentTree ├── xtend@4.0.1
61 silly currentTree └── yallist@2.0.0
62 silly idealTree ericho
62 silly idealTree ├── accepts@1.2.13
62 silly idealTree ├── angular@1.5.3
62 silly idealTree ├── ansi-regex@2.0.0
62 silly idealTree ├── ansi-styles@2.2.1
62 silly idealTree ├── array-flatten@1.1.1
62 silly idealTree ├── asn1@0.2.3
62 silly idealTree ├── assert-plus@0.2.0
62 silly idealTree ├── async@1.5.2
62 silly idealTree ├── aws-sign2@0.6.0
62 silly idealTree ├── aws4@1.3.2
62 silly idealTree ├── balanced-match@0.3.0
62 silly idealTree ├── bl@1.0.3
62 silly idealTree ├── boom@2.10.1
62 silly idealTree ├── brace-expansion@1.1.3
62 silly idealTree ├── caseless@0.11.0
62 silly idealTree ├── chalk@1.1.3
62 silly idealTree ├── colors@1.1.2
62 silly idealTree ├── combined-stream@1.0.5
62 silly idealTree ├── commander@2.9.0
62 silly idealTree ├── concat-map@0.0.1
62 silly idealTree ├── content-disposition@0.5.1
62 silly idealTree ├── content-type@1.0.1
62 silly idealTree ├── cookie-signature@1.0.6
62 silly idealTree ├── cookie@0.1.5
62 silly idealTree ├── core-util-is@1.0.2
62 silly idealTree ├── cryptiles@2.0.5
62 silly idealTree ├── cycle@1.0.3
62 silly idealTree ├─┬ dashdash@1.13.0
62 silly idealTree │ └── assert-plus@1.0.0
62 silly idealTree ├── debug@2.2.0
62 silly idealTree ├── deep-equal@0.2.2
62 silly idealTree ├── deep-extend@0.3.3
62 silly idealTree ├── delayed-stream@1.0.0
62 silly idealTree ├── depd@1.1.0
62 silly idealTree ├── destroy@1.0.4
62 silly idealTree ├── ecc-jsbn@0.1.1
62 silly idealTree ├── ee-first@1.1.1
62 silly idealTree ├── escape-html@1.0.3
62 silly idealTree ├── escape-string-regexp@1.0.5
62 silly idealTree ├── etag@1.7.0
62 silly idealTree ├─┬ express@4.13.4
62 silly idealTree │ └── qs@4.0.0
62 silly idealTree ├── extend@3.0.0
62 silly idealTree ├── extsprintf@1.0.2
62 silly idealTree ├── eyes@0.1.8
62 silly idealTree ├── finalhandler@0.4.1
62 silly idealTree ├── forever-agent@0.6.1
62 silly idealTree ├── form-data@1.0.0-rc4
62 silly idealTree ├── forwarded@0.1.0
62 silly idealTree ├── fresh@0.3.0
62 silly idealTree ├── generate-function@2.0.0
62 silly idealTree ├── generate-object-property@1.2.0
62 silly idealTree ├── glob@7.0.3
62 silly idealTree ├── graceful-readlink@1.0.1
62 silly idealTree ├── har-validator@2.0.6
62 silly idealTree ├── has-ansi@2.0.0
62 silly idealTree ├── hawk@3.1.3
62 silly idealTree ├── hoek@2.16.3
62 silly idealTree ├── http-errors@1.3.1
62 silly idealTree ├── http-signature@1.1.1
62 silly idealTree ├── i@0.3.4
62 silly idealTree ├── inflight@1.0.4
62 silly idealTree ├── inherits@2.0.1
62 silly idealTree ├── ipaddr.js@1.0.5
62 silly idealTree ├── is-my-json-valid@2.13.1
62 silly idealTree ├── is-property@1.0.2
62 silly idealTree ├── is-typedarray@1.0.0
62 silly idealTree ├── isarray@1.0.0
62 silly idealTree ├── isstream@0.1.2
62 silly idealTree ├── jodid25519@1.0.2
62 silly idealTree ├── jsbn@0.1.0
62 silly idealTree ├── json-schema@0.2.2
62 silly idealTree ├── json-stringify-safe@5.0.1
62 silly idealTree ├── jsonpointer@2.0.0
62 silly idealTree ├── jsprim@1.2.2
62 silly idealTree ├── lru-cache@4.0.1
62 silly idealTree ├── media-typer@0.3.0
62 silly idealTree ├── merge-descriptors@1.0.1
62 silly idealTree ├── methods@1.1.2
62 silly idealTree ├── mime-db@1.22.0
62 silly idealTree ├── mime-types@2.1.10
62 silly idealTree ├── mime@1.3.4
62 silly idealTree ├── minimatch@3.0.0
62 silly idealTree ├── minimist@0.0.8
62 silly idealTree ├── mkdirp@0.5.1
62 silly idealTree ├── ms@0.7.1
62 silly idealTree ├── mute-stream@0.0.6
62 silly idealTree ├── ncp@1.0.1
62 silly idealTree ├── negotiator@0.5.3
62 silly idealTree ├── node-uuid@1.4.7
62 silly idealTree ├── oauth-sign@0.8.1
62 silly idealTree ├── on-finished@2.3.0
62 silly idealTree ├── once@1.3.3
62 silly idealTree ├── parseurl@1.3.1
62 silly idealTree ├── path-is-absolute@1.0.0
62 silly idealTree ├── path-to-regexp@0.1.7
62 silly idealTree ├── pinkie-promise@2.0.0
62 silly idealTree ├── pinkie@2.0.4
62 silly idealTree ├── pkginfo@0.4.0
62 silly idealTree ├── process-nextick-args@1.0.6
62 silly idealTree ├── prompt@1.0.0
62 silly idealTree ├── proxy-addr@1.0.10
62 silly idealTree ├── pseudomap@1.0.2
62 silly idealTree ├── qs@6.0.2
62 silly idealTree ├── range-parser@1.0.3
62 silly idealTree ├── read@1.0.7
62 silly idealTree ├── readable-stream@2.0.6
62 silly idealTree ├── request@2.69.0
62 silly idealTree ├── revalidator@0.1.8
62 silly idealTree ├── rimraf@2.5.2
62 silly idealTree ├── send@0.13.1
62 silly idealTree ├── serve-static@1.10.2
62 silly idealTree ├── sntp@1.0.9
62 silly idealTree ├── spotify@0.3.0
62 silly idealTree ├── sshpk@1.7.4
62 silly idealTree ├── stack-trace@0.0.9
62 silly idealTree ├── statuses@1.2.1
62 silly idealTree ├── string_decoder@0.10.31
62 silly idealTree ├── stringstream@0.0.5
62 silly idealTree ├── strip-ansi@3.0.1
62 silly idealTree ├── supports-color@2.0.0
62 silly idealTree ├── tough-cookie@2.2.2
62 silly idealTree ├── tunnel-agent@0.4.2
62 silly idealTree ├── tweetnacl@0.14.3
62 silly idealTree ├── twitter@1.2.5
62 silly idealTree ├── type-is@1.6.12
62 silly idealTree ├── unpipe@1.0.0
62 silly idealTree ├── util-deprecate@1.0.2
62 silly idealTree ├─┬ utile@0.3.0
62 silly idealTree │ └── async@0.9.2
62 silly idealTree ├── utils-merge@1.0.0
62 silly idealTree ├── vary@1.0.1
62 silly idealTree ├── verror@1.3.6
62 silly idealTree ├─┬ winston@2.1.1
62 silly idealTree │ ├── async@1.0.0
62 silly idealTree │ ├── colors@1.0.3
62 silly idealTree │ └── pkginfo@0.3.1
62 silly idealTree ├── wrappy@1.0.1
62 silly idealTree ├── xtend@4.0.1
62 silly idealTree └── yallist@2.0.0
63 silly generateActionsToTake Starting
64 silly install generateActionsToTake
65 silly generateActionsToTake Finishing
66 silly diffTrees action count 6
67 silly diffTrees update request@2.69.0
68 silly diffTrees update angular@1.5.3
69 silly diffTrees update express@4.13.4
70 silly diffTrees update prompt@1.0.0
71 silly diffTrees update spotify@0.3.0
72 silly diffTrees update twitter@1.2.5
73 silly decomposeActions action count 48
74 silly decomposeActions fetch request@2.69.0
75 silly decomposeActions extract request@2.69.0
76 silly decomposeActions test request@2.69.0
77 silly decomposeActions preinstall request@2.69.0
78 silly decomposeActions build request@2.69.0
79 silly decomposeActions install request@2.69.0
80 silly decomposeActions postinstall request@2.69.0
81 silly decomposeActions finalize request@2.69.0
82 silly decomposeActions fetch angular@1.5.3
83 silly decomposeActions extract angular@1.5.3
84 silly decomposeActions test angular@1.5.3
85 silly decomposeActions preinstall angular@1.5.3
86 silly decomposeActions build angular@1.5.3
87 silly decomposeActions install angular@1.5.3
88 silly decomposeActions postinstall angular@1.5.3
89 silly decomposeActions finalize angular@1.5.3
90 silly decomposeActions fetch express@4.13.4
91 silly decomposeActions extract express@4.13.4
92 silly decomposeActions test express@4.13.4
93 silly decomposeActions preinstall express@4.13.4
94 silly decomposeActions build express@4.13.4
95 silly decomposeActions install express@4.13.4
96 silly decomposeActions postinstall express@4.13.4
97 silly decomposeActions finalize express@4.13.4
98 silly decomposeActions fetch prompt@1.0.0
99 silly decomposeActions extract prompt@1.0.0
100 silly decomposeActions test prompt@1.0.0
101 silly decomposeActions preinstall prompt@1.0.0
102 silly decomposeActions build prompt@1.0.0
103 silly decomposeActions install prompt@1.0.0
104 silly decomposeActions postinstall prompt@1.0.0
105 silly decomposeActions finalize prompt@1.0.0
106 silly decomposeActions fetch spotify@0.3.0
107 silly decomposeActions extract spotify@0.3.0
108 silly decomposeActions test spotify@0.3.0
109 silly decomposeActions preinstall spotify@0.3.0
110 silly decomposeActions build spotify@0.3.0
111 silly decomposeActions install spotify@0.3.0
112 silly decomposeActions postinstall spotify@0.3.0
113 silly decomposeActions finalize spotify@0.3.0
114 silly decomposeActions fetch twitter@1.2.5
115 silly decomposeActions extract twitter@1.2.5
116 silly decomposeActions test twitter@1.2.5
117 silly decomposeActions preinstall twitter@1.2.5
118 silly decomposeActions build twitter@1.2.5
119 silly decomposeActions install twitter@1.2.5
120 silly decomposeActions postinstall twitter@1.2.5
121 silly decomposeActions finalize twitter@1.2.5
122 silly executeActions Starting
123 silly install executeActions
124 silly doSerial global-install 0
125 silly doParallel fetch 6
126 verbose correctMkdir /Users/ericho/.npm/_locks correctMkdir not in flight; initializing
127 verbose lock using /Users/ericho/.npm/_locks/staging-654d45eb035e2365.lock for /Users/ericho/node_modules/.staging
128 silly doParallel extract 6
129 silly extract request@2.69.0
130 silly extract angular@1.5.3
131 silly extract express@4.13.4
132 silly extract prompt@1.0.0
133 silly extract spotify@0.3.0
134 silly extract twitter@1.2.5
135 verbose unbuild node_modules/.staging/spotify-0ae28f90
136 verbose unbuild node_modules/.staging/prompt-cc70d9a4
137 verbose unbuild node_modules/.staging/request-e51ccfa5
138 verbose unbuild node_modules/.staging/angular-6e7f6b9b
139 verbose unbuild node_modules/.staging/express-10b4ce0b
140 verbose unbuild node_modules/.staging/twitter-548b43d9
141 silly gentlyRm /Users/ericho/node_modules/.staging/spotify-0ae28f90 is being purged from base /Users/ericho
142 verbose gentlyRm don't care about contents; nuking /Users/ericho/node_modules/.staging/spotify-0ae28f90
143 silly gentlyRm /Users/ericho/node_modules/.staging/prompt-cc70d9a4 is being purged from base /Users/ericho
144 verbose gentlyRm don't care about contents; nuking /Users/ericho/node_modules/.staging/prompt-cc70d9a4
145 silly gentlyRm /Users/ericho/node_modules/.staging/request-e51ccfa5 is being purged from base /Users/ericho
146 verbose gentlyRm don't care about contents; nuking /Users/ericho/node_modules/.staging/request-e51ccfa5
147 silly gentlyRm /Users/ericho/node_modules/.staging/angular-6e7f6b9b is being purged from base /Users/ericho
148 verbose gentlyRm don't care about contents; nuking /Users/ericho/node_modules/.staging/angular-6e7f6b9b
149 silly gentlyRm /Users/ericho/node_modules/.staging/express-10b4ce0b is being purged from base /Users/ericho
150 verbose gentlyRm don't care about contents; nuking /Users/ericho/node_modules/.staging/express-10b4ce0b
151 verbose tar unpack /Users/ericho/.npm/spotify/0.3.0/package.tgz
152 verbose tar unpacking to /Users/ericho/node_modules/.staging/spotify-0ae28f90
153 silly gentlyRm /Users/ericho/node_modules/.staging/spotify-0ae28f90 is being purged
154 verbose gentlyRm don't care about contents; nuking /Users/ericho/node_modules/.staging/spotify-0ae28f90
155 verbose tar unpack /Users/ericho/.npm/prompt/1.0.0/package.tgz
156 verbose tar unpacking to /Users/ericho/node_modules/.staging/prompt-cc70d9a4
157 silly gentlyRm /Users/ericho/node_modules/.staging/prompt-cc70d9a4 is being purged
158 verbose gentlyRm don't care about contents; nuking /Users/ericho/node_modules/.staging/prompt-cc70d9a4
159 verbose tar unpack /Users/ericho/.npm/request/2.69.0/package.tgz
160 verbose tar unpacking to /Users/ericho/node_modules/.staging/request-e51ccfa5
161 silly gentlyRm /Users/ericho/node_modules/.staging/request-e51ccfa5 is being purged
162 verbose gentlyRm don't care about contents; nuking /Users/ericho/node_modules/.staging/request-e51ccfa5
163 verbose tar unpack /Users/ericho/.npm/angular/1.5.3/package.tgz
164 verbose tar unpacking to /Users/ericho/node_modules/.staging/angular-6e7f6b9b
165 silly gentlyRm /Users/ericho/node_modules/.staging/angular-6e7f6b9b is being purged
166 verbose gentlyRm don't care about contents; nuking /Users/ericho/node_modules/.staging/angular-6e7f6b9b
167 verbose tar unpack /Users/ericho/.npm/express/4.13.4/package.tgz
168 verbose tar unpacking to /Users/ericho/node_modules/.staging/express-10b4ce0b
169 silly gentlyRm /Users/ericho/node_modules/.staging/express-10b4ce0b is being purged
170 verbose gentlyRm don't care about contents; nuking /Users/ericho/node_modules/.staging/express-10b4ce0b
171 silly gentlyRm /Users/ericho/node_modules/.staging/twitter-548b43d9 is being purged from base /Users/ericho
172 verbose gentlyRm don't care about contents; nuking /Users/ericho/node_modules/.staging/twitter-548b43d9
173 silly gunzTarPerm modes [ '755', '644' ]
174 silly gunzTarPerm modes [ '755', '644' ]
175 silly gunzTarPerm modes [ '755', '644' ]
176 silly gunzTarPerm modes [ '755', '644' ]
177 silly gunzTarPerm modes [ '755', '644' ]
178 verbose tar unpack /Users/ericho/.npm/twitter/1.2.5/package.tgz
179 verbose tar unpacking to /Users/ericho/node_modules/.staging/twitter-548b43d9
180 silly gentlyRm /Users/ericho/node_modules/.staging/twitter-548b43d9 is being purged
181 verbose gentlyRm don't care about contents; nuking /Users/ericho/node_modules/.staging/twitter-548b43d9
182 silly gunzTarPerm modes [ '755', '644' ]
183 silly gunzTarPerm extractEntry package.json
184 silly gunzTarPerm extractEntry package.json
185 silly gunzTarPerm extractEntry package.json
186 silly gunzTarPerm extractEntry package.json
187 silly gunzTarPerm extractEntry package.json
188 silly gunzTarPerm modified mode [ 'package.json', 438, 420 ]
189 silly gunzTarPerm extractEntry package.json
190 silly gunzTarPerm extractEntry README.md
191 silly gunzTarPerm extractEntry lib/spotify/Spotify.js
192 silly gunzTarPerm extractEntry .npmignore
193 silly gunzTarPerm extractEntry README.md
194 silly gunzTarPerm extractEntry .npmignore
195 silly gunzTarPerm extractEntry README.md
196 silly gunzTarPerm extractEntry README.md
197 silly gunzTarPerm extractEntry angular.js
198 silly gunzTarPerm extractEntry LICENSE
199 silly gunzTarPerm modified mode [ 'LICENSE', 438, 420 ]
200 silly gunzTarPerm extractEntry index.js
201 silly gunzTarPerm modified mode [ 'index.js', 438, 420 ]
202 silly gunzTarPerm extractEntry .npmignore
203 silly gunzTarPerm extractEntry README.md
204 silly gunzTarPerm extractEntry LICENSE
205 silly gunzTarPerm extractEntry CHANGELOG.md
206 silly gunzTarPerm extractEntry .jshintrc
207 silly gunzTarPerm extractEntry docs/docco.css
208 silly gunzTarPerm extractEntry docs/prompt.html
209 silly gunzTarPerm extractEntry examples/add-properties.js
210 silly gunzTarPerm extractEntry examples/existing-properties.js
211 silly gunzTarPerm extractEntry examples/history.js
212 silly gunzTarPerm extractEntry examples/nested-properties-prompt.js
213 silly gunzTarPerm extractEntry examples/old-schema.js
214 silly gunzTarPerm extractEntry examples/dynamic-ask-prompt.js
215 silly gunzTarPerm extractEntry examples/password.js
216 silly gunzTarPerm extractEntry examples/prompt-override.js
217 silly gunzTarPerm extractEntry examples/types.js
218 silly gunzTarPerm extractEntry examples/property-prompt.js
219 silly gunzTarPerm extractEntry examples/simple-prompt.js
220 silly gunzTarPerm extractEntry examples/color.js
221 silly gunzTarPerm extractEntry examples/yes-or-no-prompt.js
222 silly gunzTarPerm extractEntry examples/override-validation.js
223 silly gunzTarPerm extractEntry examples/prompt-streamline._js
224 silly gunzTarPerm extractEntry lib/prompt.js
225 silly gunzTarPerm extractEntry .travis.yml
226 silly gunzTarPerm extractEntry test/helpers.js
227 silly gunzTarPerm extractEntry test/interactive-prompt-test.js
228 silly gunzTarPerm extractEntry test/macros.js
229 silly gunzTarPerm extractEntry test/prompt-test.js
230 silly gunzTarPerm extractEntry LICENSE
231 silly gunzTarPerm extractEntry History.md
232 silly gunzTarPerm modified mode [ 'History.md', 438, 420 ]
233 silly gunzTarPerm extractEntry Readme.md
234 silly gunzTarPerm modified mode [ 'Readme.md', 438, 420 ]
235 silly gunzTarPerm extractEntry lib/application.js
236 silly gunzTarPerm modified mode [ 'lib/application.js', 438, 420 ]
237 silly gunzTarPerm extractEntry lib/express.js
238 silly gunzTarPerm modified mode [ 'lib/express.js', 438, 420 ]
239 silly gunzTarPerm extractEntry lib/request.js
240 silly gunzTarPerm modified mode [ 'lib/request.js', 438, 420 ]
241 silly gunzTarPerm extractEntry lib/response.js
242 silly gunzTarPerm modified mode [ 'lib/response.js', 438, 420 ]
243 silly gunzTarPerm extractEntry lib/utils.js
244 silly gunzTarPerm modified mode [ 'lib/utils.js', 438, 420 ]
245 silly gunzTarPerm extractEntry lib/view.js
246 silly gunzTarPerm modified mode [ 'lib/view.js', 438, 420 ]
247 silly gunzTarPerm extractEntry lib/middleware/init.js
248 silly gunzTarPerm modified mode [ 'lib/middleware/init.js', 438, 420 ]
249 silly gunzTarPerm extractEntry lib/middleware/query.js
250 silly gunzTarPerm modified mode [ 'lib/middleware/query.js', 438, 420 ]
251 silly gunzTarPerm extractEntry lib/router/index.js
252 silly gunzTarPerm modified mode [ 'lib/router/index.js', 438, 420 ]
253 silly gunzTarPerm extractEntry lib/router/layer.js
254 silly gunzTarPerm modified mode [ 'lib/router/layer.js', 438, 420 ]
255 silly gunzTarPerm extractEntry lib/router/route.js
256 silly gunzTarPerm modified mode [ 'lib/router/route.js', 438, 420 ]
257 silly gunzTarPerm extractEntry hello.js
258 silly gunzTarPerm extractEntry index.js
259 silly gunzTarPerm extractEntry index.js
260 silly gunzTarPerm extractEntry request.js
261 silly gunzTarPerm extractEntry .travis.yml
262 silly gunzTarPerm extractEntry lib/parser.js
263 silly gunzTarPerm extractEntry lib/twitter.js
264 silly gunzTarPerm extractEntry CHANGELOG.md
265 silly gunzTarPerm extractEntry lib/auth.js
266 silly gunzTarPerm extractEntry wercker.yml
267 silly gunzTarPerm extractEntry lib/cookies.js
268 silly gunzTarPerm extractEntry lib/getProxyFromURI.js
269 silly gunzTarPerm extractEntry lib/har.js
270 silly gunzTarPerm extractEntry lib/helpers.js
271 silly gentlyRm /Users/ericho/node_modules/.staging/spotify-0ae28f90/node_modules is being purged
272 verbose gentlyRm don't care about contents; nuking /Users/ericho/node_modules/.staging/spotify-0ae28f90/node_modules
273 silly gunzTarPerm extractEntry lib/multipart.js
274 silly gunzTarPerm extractEntry lib/oauth.js
275 silly gunzTarPerm extractEntry lib/querystring.js
276 silly gunzTarPerm extractEntry lib/redirect.js
277 silly gunzTarPerm extractEntry lib/tunnel.js
278 silly gunzTarPerm extractEntry CONTRIBUTING.md
279 silly gunzTarPerm extractEntry .eslintrc
280 silly gentlyRm /Users/ericho/node_modules/.staging/twitter-548b43d9/node_modules is being purged
281 verbose gentlyRm don't care about contents; nuking /Users/ericho/node_modules/.staging/twitter-548b43d9/node_modules
282 silly gunzTarPerm extractEntry angular.min.js
283 silly gunzTarPerm extractEntry index.js
284 silly gunzTarPerm extractEntry angular-csp.css
285 silly gunzTarPerm extractEntry angular.min.js.gzip
286 silly gunzTarPerm extractEntry angular.min.js.map
287 silly gunzTarPerm extractEntry bower.json
288 silly gentlyRm /Users/ericho/node_modules/.staging/express-10b4ce0b/node_modules is being purged
289 verbose gentlyRm don't care about contents; nuking /Users/ericho/node_modules/.staging/express-10b4ce0b/node_modules
290 silly gentlyRm /Users/ericho/node_modules/.staging/request-e51ccfa5/node_modules is being purged
291 verbose gentlyRm don't care about contents; nuking /Users/ericho/node_modules/.staging/request-e51ccfa5/node_modules
292 silly gentlyRm /Users/ericho/node_modules/.staging/prompt-cc70d9a4/node_modules is being purged
293 verbose gentlyRm don't care about contents; nuking /Users/ericho/node_modules/.staging/prompt-cc70d9a4/node_modules
294 silly gentlyRm /Users/ericho/node_modules/.staging/angular-6e7f6b9b/node_modules is being purged
295 verbose gentlyRm don't care about contents; nuking /Users/ericho/node_modules/.staging/angular-6e7f6b9b/node_modules
296 silly doParallel preinstall 6
297 silly preinstall request@2.69.0 /Users/ericho/node_modules/.staging/request-e51ccfa5
298 info lifecycle request@2.69.0~preinstall: request@2.69.0
299 silly preinstall angular@1.5.3 /Users/ericho/node_modules/.staging/angular-6e7f6b9b
300 info lifecycle angular@1.5.3~preinstall: angular@1.5.3
301 silly preinstall express@4.13.4 /Users/ericho/node_modules/.staging/express-10b4ce0b
302 info lifecycle express@4.13.4~preinstall: express@4.13.4
303 silly preinstall prompt@1.0.0 /Users/ericho/node_modules/.staging/prompt-cc70d9a4
304 info lifecycle prompt@1.0.0~preinstall: prompt@1.0.0
305 silly preinstall spotify@0.3.0 /Users/ericho/node_modules/.staging/spotify-0ae28f90
306 info lifecycle spotify@0.3.0~preinstall: spotify@0.3.0
307 silly preinstall twitter@1.2.5 /Users/ericho/node_modules/.staging/twitter-548b43d9
308 info lifecycle twitter@1.2.5~preinstall: twitter@1.2.5
309 silly lifecycle request@2.69.0~preinstall: no script for preinstall, continuing
310 silly lifecycle angular@1.5.3~preinstall: no script for preinstall, continuing
311 silly lifecycle express@4.13.4~preinstall: no script for preinstall, continuing
312 silly lifecycle prompt@1.0.0~preinstall: no script for preinstall, continuing
313 silly lifecycle spotify@0.3.0~preinstall: no script for preinstall, continuing
314 silly lifecycle twitter@1.2.5~preinstall: no script for preinstall, continuing
315 silly doReverseSerial remove 0
316 silly doSerial move 0
317 silly doSerial finalize 6
318 silly finalize /Users/ericho/node_modules/request
319 silly finalize /Users/ericho/node_modules/angular
320 silly finalize /Users/ericho/node_modules/express
321 verbose unlock done using /Users/ericho/.npm/_locks/staging-654d45eb035e2365.lock for /Users/ericho/node_modules/.staging
322 silly rollbackFailedOptional Starting
323 silly rollbackFailedOptional Finishing
324 silly runTopLevelLifecycles Starting
325 silly runTopLevelLifecycles Finishing
326 silly install printInstalled
327 warn enoent ENOENT: no such file or directory, open '/Users/ericho/package.json'
328 warn ericho No description
329 warn ericho No repository field.
330 warn ericho No README data
331 warn ericho No license field.
332 verbose stack Error: EACCES: permission denied, rename '/Users/ericho/node_modules/.express.DELETE/node_modules/qs' -> '/Users/ericho/node_modules/express/node_modules/qs'
332 verbose stack     at /usr/local/lib/node_modules/npm/lib/install/action/finalize.js:64:7
332 verbose stack     at /usr/local/lib/node_modules/npm/node_modules/slide/lib/async-map.js:52:35
332 verbose stack     at Array.forEach (native)
332 verbose stack     at /usr/local/lib/node_modules/npm/node_modules/slide/lib/async-map.js:52:11
332 verbose stack     at Array.forEach (native)
332 verbose stack     at asyncMap (/usr/local/lib/node_modules/npm/node_modules/slide/lib/async-map.js:51:8)
332 verbose stack     at moveModules (/usr/local/lib/node_modules/npm/lib/install/action/finalize.js:61:5)
332 verbose stack     at /usr/local/lib/node_modules/npm/lib/install/action/finalize.js:56:70
332 verbose stack     at /usr/local/lib/node_modules/npm/node_modules/mkdirp/index.js:30:20
332 verbose stack     at FSReqWrap.oncomplete (fs.js:82:15)
332 verbose stack
332 verbose stack Error: EACCES: permission denied, rename '/Users/ericho/node_modules/.express.DELETE/node_modules/qs' -> '/Users/ericho/node_modules/express/node_modules/qs'
332 verbose stack     at Error (native)
333 verbose cwd /Users/ericho/Documents/Spring 2016/Coding Bootcamp/Week 10/Homework
334 error Darwin 15.4.0
335 error argv "/usr/local/bin/node" "/usr/local/bin/npm" "install" "spotify"
336 error node v5.9.1
337 error npm  v3.7.3
338 error path /Users/ericho/node_modules/.express.DELETE/node_modules/qs
339 error code EACCES
340 error errno -13
341 error syscall rename
342 error Error: EACCES: permission denied, rename '/Users/ericho/node_modules/.express.DELETE/node_modules/qs' -> '/Users/ericho/node_modules/express/node_modules/qs'
342 error     at /usr/local/lib/node_modules/npm/lib/install/action/finalize.js:64:7
342 error     at /usr/local/lib/node_modules/npm/node_modules/slide/lib/async-map.js:52:35
342 error     at Array.forEach (native)
342 error     at /usr/local/lib/node_modules/npm/node_modules/slide/lib/async-map.js:52:11
342 error     at Array.forEach (native)
342 error     at asyncMap (/usr/local/lib/node_modules/npm/node_modules/slide/lib/async-map.js:51:8)
342 error     at moveModules (/usr/local/lib/node_modules/npm/lib/install/action/finalize.js:61:5)
342 error     at /usr/local/lib/node_modules/npm/lib/install/action/finalize.js:56:70
342 error     at /usr/local/lib/node_modules/npm/node_modules/mkdirp/index.js:30:20
342 error     at FSReqWrap.oncomplete (fs.js:82:15)
342 error
342 error Error: EACCES: permission denied, rename '/Users/ericho/node_modules/.express.DELETE/node_modules/qs' -> '/Users/ericho/node_modules/express/node_modules/qs'
342 error     at Error (native)
342 error  [Error: EACCES: permission denied, rename '/Users/ericho/node_modules/.express.DELETE/node_modules/qs' -> '/Users/ericho/node_modules/express/node_modules/qs']
343 error Please try running this command again as root/Administrator.
344 verbose exit [ -13, true ]
